{"D:\\Clones\\test-danger-js\\src\\database.ts": {"path":"D:\\Clones\\test-danger-js\\src\\database.ts","statementMap":{"0":{"start":{"line":1,"column":0},"end":{"line":1,"column":37}},"1":{"start":{"line":2,"column":0},"end":{"line":2,"column":39}},"2":{"start":{"line":4,"column":13},"end":{"line":14,"column":3}}},"fnMap":{},"branchMap":{},"s":{"0":1,"1":1,"2":1},"f":{},"b":{}}
,"D:\\Clones\\test-danger-js\\src\\server.ts": {"path":"D:\\Clones\\test-danger-js\\src\\server.ts","statementMap":{"0":{"start":{"line":1,"column":0},"end":{"line":1,"column":30}},"1":{"start":{"line":2,"column":0},"end":{"line":2,"column":43}},"2":{"start":{"line":3,"column":0},"end":{"line":3,"column":37}},"3":{"start":{"line":5,"column":12},"end":{"line":5,"column":21}},"4":{"start":{"line":6,"column":0},"end":{"line":6,"column":24}},"5":{"start":{"line":7,"column":0},"end":{"line":7,"column":16}},"6":{"start":{"line":9,"column":0},"end":{"line":17,"column":40}},"7":{"start":{"line":11,"column":4},"end":{"line":11,"column":62}},"8":{"start":{"line":13,"column":4},"end":{"line":15,"column":7}},"9":{"start":{"line":14,"column":6},"end":{"line":14,"column":52}},"10":{"start":{"line":17,"column":20},"end":{"line":17,"column":38}}},"fnMap":{"0":{"name":"(anonymous_1)","decl":{"start":{"line":10,"column":8},"end":{"line":10,"column":11}},"loc":{"start":{"line":10,"column":13},"end":{"line":16,"column":3}}},"1":{"name":"(anonymous_2)","decl":{"start":{"line":13,"column":21},"end":{"line":13,"column":24}},"loc":{"start":{"line":13,"column":26},"end":{"line":15,"column":5}}},"2":{"name":"(anonymous_3)","decl":{"start":{"line":17,"column":9},"end":{"line":17,"column":10}},"loc":{"start":{"line":17,"column":20},"end":{"line":17,"column":38}}}},"branchMap":{},"s":{"0":0,"1":0,"2":0,"3":0,"4":0,"5":0,"6":0,"7":0,"8":0,"9":0,"10":0},"f":{"0":0,"1":0,"2":0},"b":{}}
,"D:\\Clones\\test-danger-js\\src\\entities\\User.ts": {"path":"D:\\Clones\\test-danger-js\\src\\entities\\User.ts","statementMap":{"0":{"start":{"line":1,"column":0},"end":{"line":1,"column":65}},"1":{"start":{"line":4,"column":7},"end":{"line":19,"column":null}},"2":{"start":{"line":4,"column":13},"end":{"line":4,"column":17}},"3":{"start":{"line":6,"column":2},"end":{"line":6,"column":null}},"4":{"start":{"line":9,"column":2},"end":{"line":9,"column":null}},"5":{"start":{"line":12,"column":2},"end":{"line":12,"column":null}},"6":{"start":{"line":15,"column":2},"end":{"line":15,"column":null}},"7":{"start":{"line":18,"column":2},"end":{"line":18,"column":null}},"8":{"start":{"line":17,"column":46},"end":{"line":17,"column":65}},"9":{"start":{"line":4,"column":13},"end":{"line":19,"column":null}}},"fnMap":{"0":{"name":"(anonymous_2)","decl":{"start":{"line":17,"column":40},"end":{"line":17,"column":43}},"loc":{"start":{"line":17,"column":46},"end":{"line":17,"column":65}}}},"branchMap":{"0":{"loc":{"start":{"line":18,"column":14},"end":{"line":18,"column":19}},"type":"cond-expr","locations":[{"start":{"line":18,"column":18},"end":{"line":18,"column":19}},{"start":{"line":18,"column":18},"end":{"line":18,"column":19}}]},"1":{"loc":{"start":{"line":18,"column":14},"end":{"line":18,"column":18}},"type":"binary-expr","locations":[{"start":{"line":18,"column":14},"end":{"line":18,"column":19}},{"start":{"line":18,"column":14},"end":{"line":18,"column":18}}]}},"s":{"0":1,"1":1,"2":1,"3":1,"4":1,"5":1,"6":1,"7":1,"8":0,"9":1},"f":{"0":0},"b":{"0":[1,0],"1":[1,1]}}
,"D:\\Clones\\test-danger-js\\src\\middleware\\authMiddleware.ts": {"path":"D:\\Clones\\test-danger-js\\src\\middleware\\authMiddleware.ts","statementMap":{"0":{"start":{"line":2,"column":0},"end":{"line":2,"column":31}},"1":{"start":{"line":8,"column":30},"end":{"line":35,"column":1}},"2":{"start":{"line":13,"column":21},"end":{"line":13,"column":46}},"3":{"start":{"line":15,"column":2},"end":{"line":17,"column":3}},"4":{"start":{"line":16,"column":4},"end":{"line":16,"column":69}},"5":{"start":{"line":19,"column":20},"end":{"line":19,"column":41}},"6":{"start":{"line":21,"column":2},"end":{"line":23,"column":3}},"7":{"start":{"line":22,"column":4},"end":{"line":22,"column":64}},"8":{"start":{"line":25,"column":2},"end":{"line":34,"column":3}},"9":{"start":{"line":26,"column":20},"end":{"line":28,"column":null}},"10":{"start":{"line":31,"column":4},"end":{"line":31,"column":18}},"11":{"start":{"line":33,"column":4},"end":{"line":33,"column":76}},"12":{"start":{"line":8,"column":13},"end":{"line":8,"column":30}}},"fnMap":{"0":{"name":"(anonymous_1)","decl":{"start":{"line":8,"column":30},"end":{"line":8,"column":null}},"loc":{"start":{"line":12,"column":9},"end":{"line":35,"column":1}}}},"branchMap":{"0":{"loc":{"start":{"line":15,"column":2},"end":{"line":17,"column":3}},"type":"if","locations":[{"start":{"line":15,"column":2},"end":{"line":17,"column":3}}]},"1":{"loc":{"start":{"line":21,"column":2},"end":{"line":23,"column":3}},"type":"if","locations":[{"start":{"line":21,"column":2},"end":{"line":23,"column":3}}]}},"s":{"0":0,"1":0,"2":0,"3":0,"4":0,"5":0,"6":0,"7":0,"8":0,"9":0,"10":0,"11":0,"12":0},"f":{"0":0},"b":{"0":[0],"1":[0]}}
,"D:\\Clones\\test-danger-js\\src\\modules\\users\\controller\\UsersController.ts": {"path":"D:\\Clones\\test-danger-js\\src\\modules\\users\\controller\\UsersController.ts","statementMap":{"0":{"start":{"line":2,"column":0},"end":{"line":2,"column":54}},"1":{"start":{"line":8,"column":4},"end":{"line":8,"column":41}},"2":{"start":{"line":12,"column":4},"end":{"line":23,"column":5}},"3":{"start":{"line":13,"column":40},"end":{"line":13,"column":48}},"4":{"start":{"line":14,"column":26},"end":{"line":18,"column":8}},"5":{"start":{"line":20,"column":6},"end":{"line":20,"column":47}},"6":{"start":{"line":22,"column":6},"end":{"line":22,"column":45}},"7":{"start":{"line":27,"column":4},"end":{"line":38,"column":5}},"8":{"start":{"line":28,"column":40},"end":{"line":28,"column":48}},"9":{"start":{"line":29,"column":26},"end":{"line":33,"column":8}},"10":{"start":{"line":35,"column":6},"end":{"line":35,"column":47}},"11":{"start":{"line":37,"column":6},"end":{"line":37,"column":45}},"12":{"start":{"line":42,"column":4},"end":{"line":49,"column":5}},"13":{"start":{"line":43,"column":21},"end":{"line":43,"column":31}},"14":{"start":{"line":44,"column":19},"end":{"line":44,"column":61}},"15":{"start":{"line":46,"column":6},"end":{"line":46,"column":40}},"16":{"start":{"line":48,"column":6},"end":{"line":48,"column":45}},"17":{"start":{"line":53,"column":4},"end":{"line":63,"column":5}},"18":{"start":{"line":54,"column":34},"end":{"line":54,"column":42}},"19":{"start":{"line":55,"column":28},"end":{"line":58,"column":8}},"20":{"start":{"line":60,"column":6},"end":{"line":60,"column":49}},"21":{"start":{"line":62,"column":6},"end":{"line":62,"column":45}},"22":{"start":{"line":4,"column":0},"end":{"line":4,"column":13}}},"fnMap":{"0":{"name":"(anonymous_7)","decl":{"start":{"line":7,"column":2},"end":{"line":7,"column":null}},"loc":{"start":{"line":7,"column":2},"end":{"line":9,"column":3}}},"1":{"name":"(anonymous_8)","decl":{"start":{"line":11,"column":8},"end":{"line":11,"column":22}},"loc":{"start":{"line":11,"column":66},"end":{"line":24,"column":null}}},"2":{"name":"(anonymous_10)","decl":{"start":{"line":26,"column":8},"end":{"line":26,"column":14}},"loc":{"start":{"line":26,"column":58},"end":{"line":39,"column":null}}},"3":{"name":"(anonymous_12)","decl":{"start":{"line":41,"column":8},"end":{"line":41,"column":19}},"loc":{"start":{"line":41,"column":63},"end":{"line":50,"column":null}}},"4":{"name":"(anonymous_14)","decl":{"start":{"line":52,"column":8},"end":{"line":52,"column":21}},"loc":{"start":{"line":52,"column":65},"end":{"line":64,"column":null}}}},"branchMap":{},"s":{"0":0,"1":0,"2":0,"3":0,"4":0,"5":0,"6":0,"7":0,"8":0,"9":0,"10":0,"11":0,"12":0,"13":0,"14":0,"15":0,"16":0,"17":0,"18":0,"19":0,"20":0,"21":0,"22":0},"f":{"0":0,"1":0,"2":0,"3":0,"4":0},"b":{}}
,"D:\\Clones\\test-danger-js\\src\\modules\\users\\repository\\UserRepository.ts": {"path":"D:\\Clones\\test-danger-js\\src\\modules\\users\\repository\\UserRepository.ts","statementMap":{"0":{"start":{"line":2,"column":0},"end":{"line":2,"column":46}},"1":{"start":{"line":3,"column":0},"end":{"line":3,"column":50}},"2":{"start":{"line":9,"column":4},"end":{"line":9,"column":60}},"3":{"start":{"line":17,"column":17},"end":{"line":17,"column":53}},"4":{"start":{"line":18,"column":4},"end":{"line":18,"column":48}},"5":{"start":{"line":22,"column":17},"end":{"line":22,"column":60}},"6":{"start":{"line":23,"column":4},"end":{"line":23,"column":16}},"7":{"start":{"line":27,"column":17},"end":{"line":31,"column":6}},"8":{"start":{"line":32,"column":4},"end":{"line":32,"column":16}},"9":{"start":{"line":5,"column":0},"end":{"line":5,"column":13}}},"fnMap":{"0":{"name":"(anonymous_7)","decl":{"start":{"line":8,"column":2},"end":{"line":8,"column":null}},"loc":{"start":{"line":8,"column":2},"end":{"line":10,"column":3}}},"1":{"name":"(anonymous_8)","decl":{"start":{"line":12,"column":15},"end":{"line":12,"column":25}},"loc":{"start":{"line":16,"column":3},"end":{"line":19,"column":null}}},"2":{"name":"(anonymous_10)","decl":{"start":{"line":21,"column":15},"end":{"line":21,"column":26}},"loc":{"start":{"line":21,"column":37},"end":{"line":24,"column":null}}},"3":{"name":"(anonymous_12)","decl":{"start":{"line":26,"column":15},"end":{"line":26,"column":29}},"loc":{"start":{"line":26,"column":43},"end":{"line":33,"column":null}}}},"branchMap":{},"s":{"0":1,"1":1,"2":0,"3":0,"4":0,"5":0,"6":0,"7":0,"8":0,"9":1},"f":{"0":0,"1":0,"2":0,"3":0},"b":{}}
,"D:\\Clones\\test-danger-js\\src\\modules\\users\\routes\\users.routes.ts": {"path":"D:\\Clones\\test-danger-js\\src\\modules\\users\\routes\\users.routes.ts","statementMap":{"0":{"start":{"line":1,"column":0},"end":{"line":1,"column":33}},"1":{"start":{"line":2,"column":0},"end":{"line":2,"column":64}},"2":{"start":{"line":3,"column":0},"end":{"line":3,"column":68}},"3":{"start":{"line":5,"column":19},"end":{"line":5,"column":27}},"4":{"start":{"line":6,"column":24},"end":{"line":6,"column":45}},"5":{"start":{"line":8,"column":0},"end":{"line":10,"column":2}},"6":{"start":{"line":8,"column":62},"end":{"line":9,"column":null}},"7":{"start":{"line":9,"column":2},"end":{"line":9,"column":null}},"8":{"start":{"line":9,"column":52},"end":{"line":9,"column":58}},"9":{"start":{"line":12,"column":0},"end":{"line":14,"column":2}},"10":{"start":{"line":12,"column":64},"end":{"line":13,"column":null}},"11":{"start":{"line":13,"column":2},"end":{"line":13,"column":null}},"12":{"start":{"line":13,"column":57},"end":{"line":13,"column":63}},"13":{"start":{"line":16,"column":0},"end":{"line":18,"column":2}},"14":{"start":{"line":16,"column":53},"end":{"line":17,"column":null}},"15":{"start":{"line":17,"column":2},"end":{"line":17,"column":null}},"16":{"start":{"line":17,"column":59},"end":{"line":17,"column":65}},"17":{"start":{"line":20,"column":0},"end":{"line":22,"column":2}},"18":{"start":{"line":20,"column":77},"end":{"line":21,"column":null}},"19":{"start":{"line":21,"column":2},"end":{"line":21,"column":null}},"20":{"start":{"line":21,"column":60},"end":{"line":21,"column":66}},"21":{"start":{"line":24,"column":0},"end":{"line":24,"column":26}}},"fnMap":{"0":{"name":"(anonymous_7)","decl":{"start":{"line":8,"column":37},"end":{"line":8,"column":44}},"loc":{"start":{"line":8,"column":62},"end":{"line":9,"column":null}}},"1":{"name":"(anonymous_8)","decl":{"start":{"line":8,"column":62},"end":{"line":8,"column":null}},"loc":{"start":{"line":8,"column":62},"end":{"line":9,"column":null}}},"2":{"name":"(anonymous_9)","decl":{"start":{"line":9,"column":46},"end":{"line":9,"column":49}},"loc":{"start":{"line":9,"column":52},"end":{"line":9,"column":58}}},"3":{"name":"(anonymous_10)","decl":{"start":{"line":12,"column":39},"end":{"line":12,"column":46}},"loc":{"start":{"line":12,"column":64},"end":{"line":13,"column":null}}},"4":{"name":"(anonymous_11)","decl":{"start":{"line":12,"column":64},"end":{"line":12,"column":null}},"loc":{"start":{"line":12,"column":64},"end":{"line":13,"column":null}}},"5":{"name":"(anonymous_12)","decl":{"start":{"line":13,"column":51},"end":{"line":13,"column":54}},"loc":{"start":{"line":13,"column":57},"end":{"line":13,"column":63}}},"6":{"name":"(anonymous_13)","decl":{"start":{"line":16,"column":28},"end":{"line":16,"column":35}},"loc":{"start":{"line":16,"column":53},"end":{"line":17,"column":null}}},"7":{"name":"(anonymous_14)","decl":{"start":{"line":16,"column":53},"end":{"line":16,"column":null}},"loc":{"start":{"line":16,"column":53},"end":{"line":17,"column":null}}},"8":{"name":"(anonymous_15)","decl":{"start":{"line":17,"column":53},"end":{"line":17,"column":56}},"loc":{"start":{"line":17,"column":59},"end":{"line":17,"column":65}}},"9":{"name":"(anonymous_16)","decl":{"start":{"line":20,"column":52},"end":{"line":20,"column":59}},"loc":{"start":{"line":20,"column":77},"end":{"line":21,"column":null}}},"10":{"name":"(anonymous_17)","decl":{"start":{"line":20,"column":77},"end":{"line":20,"column":null}},"loc":{"start":{"line":20,"column":77},"end":{"line":21,"column":null}}},"11":{"name":"(anonymous_18)","decl":{"start":{"line":21,"column":54},"end":{"line":21,"column":57}},"loc":{"start":{"line":21,"column":60},"end":{"line":21,"column":66}}}},"branchMap":{},"s":{"0":0,"1":0,"2":0,"3":0,"4":0,"5":0,"6":0,"7":0,"8":0,"9":0,"10":0,"11":0,"12":0,"13":0,"14":0,"15":0,"16":0,"17":0,"18":0,"19":0,"20":0,"21":0},"f":{"0":0,"1":0,"2":0,"3":0,"4":0,"5":0,"6":0,"7":0,"8":0,"9":0,"10":0,"11":0},"b":{}}
,"D:\\Clones\\test-danger-js\\src\\modules\\users\\services\\UserService.ts": {"path":"D:\\Clones\\test-danger-js\\src\\modules\\users\\services\\UserService.ts","statementMap":{"0":{"start":{"line":1,"column":0},"end":{"line":1,"column":62}},"1":{"start":{"line":3,"column":0},"end":{"line":3,"column":51}},"2":{"start":{"line":4,"column":0},"end":{"line":4,"column":33}},"3":{"start":{"line":5,"column":0},"end":{"line":5,"column":31}},"4":{"start":{"line":26,"column":4},"end":{"line":26,"column":41}},"5":{"start":{"line":29,"column":19},"end":{"line":65,"column":null}},"6":{"start":{"line":34,"column":4},"end":{"line":64,"column":5}},"7":{"start":{"line":35,"column":6},"end":{"line":37,"column":7}},"8":{"start":{"line":36,"column":8},"end":{"line":36,"column":52}},"9":{"start":{"line":39,"column":23},"end":{"line":39,"column":70}},"10":{"start":{"line":41,"column":6},"end":{"line":46,"column":7}},"11":{"start":{"line":42,"column":8},"end":{"line":45,"column":10}},"12":{"start":{"line":48,"column":27},"end":{"line":48,"column":54}},"13":{"start":{"line":49,"column":19},"end":{"line":53,"column":8}},"14":{"start":{"line":55,"column":25},"end":{"line":55,"column":67}},"15":{"start":{"line":57,"column":6},"end":{"line":57,"column":24}},"16":{"start":{"line":59,"column":6},"end":{"line":61,"column":7}},"17":{"start":{"line":60,"column":8},"end":{"line":60,"column":18}},"18":{"start":{"line":63,"column":6},"end":{"line":63,"column":59}},"19":{"start":{"line":67,"column":20},"end":{"line":83,"column":null}},"20":{"start":{"line":68,"column":4},"end":{"line":82,"column":5}},"21":{"start":{"line":69,"column":6},"end":{"line":71,"column":7}},"22":{"start":{"line":70,"column":8},"end":{"line":70,"column":58}},"23":{"start":{"line":73,"column":19},"end":{"line":73,"column":60}},"24":{"start":{"line":75,"column":6},"end":{"line":77,"column":7}},"25":{"start":{"line":76,"column":8},"end":{"line":76,"column":59}},"26":{"start":{"line":79,"column":6},"end":{"line":79,"column":18}},"27":{"start":{"line":81,"column":6},"end":{"line":81,"column":72}},"28":{"start":{"line":85,"column":22},"end":{"line":119,"column":null}},"29":{"start":{"line":86,"column":4},"end":{"line":118,"column":5}},"30":{"start":{"line":87,"column":6},"end":{"line":89,"column":7}},"31":{"start":{"line":88,"column":8},"end":{"line":88,"column":60}},"32":{"start":{"line":91,"column":6},"end":{"line":93,"column":7}},"33":{"start":{"line":92,"column":8},"end":{"line":92,"column":60}},"34":{"start":{"line":95,"column":19},"end":{"line":95,"column":66}},"35":{"start":{"line":97,"column":6},"end":{"line":99,"column":7}},"36":{"start":{"line":98,"column":8},"end":{"line":98,"column":59}},"37":{"start":{"line":101,"column":29},"end":{"line":101,"column":73}},"38":{"start":{"line":103,"column":6},"end":{"line":105,"column":7}},"39":{"start":{"line":104,"column":8},"end":{"line":104,"column":49}},"40":{"start":{"line":107,"column":20},"end":{"line":112,"column":null}},"41":{"start":{"line":115,"column":6},"end":{"line":115,"column":29}},"42":{"start":{"line":117,"column":6},"end":{"line":117,"column":62}},"43":{"start":{"line":22,"column":0},"end":{"line":22,"column":13}}},"fnMap":{"0":{"name":"(anonymous_17)","decl":{"start":{"line":25,"column":2},"end":{"line":25,"column":14}},"loc":{"start":{"line":25,"column":67},"end":{"line":27,"column":3}}},"1":{"name":"(anonymous_18)","decl":{"start":{"line":29,"column":8},"end":{"line":29,"column":18}},"loc":{"start":{"line":29,"column":18},"end":{"line":65,"column":null}}},"2":{"name":"(anonymous_19)","decl":{"start":{"line":29,"column":19},"end":{"line":29,"column":null}},"loc":{"start":{"line":33,"column":19},"end":{"line":65,"column":3}}},"3":{"name":"(anonymous_20)","decl":{"start":{"line":67,"column":8},"end":{"line":67,"column":19}},"loc":{"start":{"line":67,"column":19},"end":{"line":83,"column":null}}},"4":{"name":"(anonymous_21)","decl":{"start":{"line":67,"column":20},"end":{"line":67,"column":22}},"loc":{"start":{"line":67,"column":40},"end":{"line":83,"column":3}}},"5":{"name":"(anonymous_22)","decl":{"start":{"line":85,"column":8},"end":{"line":85,"column":21}},"loc":{"start":{"line":85,"column":21},"end":{"line":119,"column":null}}},"6":{"name":"(anonymous_23)","decl":{"start":{"line":85,"column":22},"end":{"line":85,"column":24}},"loc":{"start":{"line":85,"column":57},"end":{"line":119,"column":3}}}},"branchMap":{"0":{"loc":{"start":{"line":25,"column":14},"end":{"line":25,"column":67}},"type":"default-arg","locations":[{"start":{"line":25,"column":47},"end":{"line":25,"column":67}}]},"1":{"loc":{"start":{"line":35,"column":6},"end":{"line":37,"column":7}},"type":"if","locations":[{"start":{"line":35,"column":6},"end":{"line":37,"column":7}}]},"2":{"loc":{"start":{"line":35,"column":10},"end":{"line":35,"column":38}},"type":"binary-expr","locations":[{"start":{"line":35,"column":10},"end":{"line":35,"column":15}},{"start":{"line":35,"column":19},"end":{"line":35,"column":28}},{"start":{"line":35,"column":32},"end":{"line":35,"column":38}}]},"3":{"loc":{"start":{"line":41,"column":6},"end":{"line":46,"column":7}},"type":"if","locations":[{"start":{"line":41,"column":6},"end":{"line":46,"column":7}}]},"4":{"loc":{"start":{"line":59,"column":6},"end":{"line":61,"column":7}},"type":"if","locations":[{"start":{"line":59,"column":6},"end":{"line":61,"column":7}}]},"5":{"loc":{"start":{"line":69,"column":6},"end":{"line":71,"column":7}},"type":"if","locations":[{"start":{"line":69,"column":6},"end":{"line":71,"column":7}}]},"6":{"loc":{"start":{"line":75,"column":6},"end":{"line":77,"column":7}},"type":"if","locations":[{"start":{"line":75,"column":6},"end":{"line":77,"column":7}}]},"7":{"loc":{"start":{"line":87,"column":6},"end":{"line":89,"column":7}},"type":"if","locations":[{"start":{"line":87,"column":6},"end":{"line":89,"column":7}}]},"8":{"loc":{"start":{"line":91,"column":6},"end":{"line":93,"column":7}},"type":"if","locations":[{"start":{"line":91,"column":6},"end":{"line":93,"column":7}}]},"9":{"loc":{"start":{"line":97,"column":6},"end":{"line":99,"column":7}},"type":"if","locations":[{"start":{"line":97,"column":6},"end":{"line":99,"column":7}}]},"10":{"loc":{"start":{"line":103,"column":6},"end":{"line":105,"column":7}},"type":"if","locations":[{"start":{"line":103,"column":6},"end":{"line":105,"column":7}}]}},"s":{"0":1,"1":1,"2":1,"3":1,"4":2,"5":2,"6":2,"7":2,"8":0,"9":2,"10":2,"11":1,"12":1,"13":1,"14":1,"15":1,"16":1,"17":1,"18":0,"19":0,"20":0,"21":0,"22":0,"23":0,"24":0,"25":0,"26":0,"27":0,"28":0,"29":0,"30":0,"31":0,"32":0,"33":0,"34":0,"35":0,"36":0,"37":0,"38":0,"39":0,"40":0,"41":0,"42":0,"43":1},"f":{"0":2,"1":2,"2":2,"3":0,"4":0,"5":0,"6":0},"b":{"0":[0],"1":[0],"2":[2,2,2],"3":[1],"4":[1],"5":[0],"6":[0],"7":[0],"8":[0],"9":[0],"10":[0]}}
,"D:\\Clones\\test-danger-js\\src\\routes\\routes.ts": {"path":"D:\\Clones\\test-danger-js\\src\\routes\\routes.ts","statementMap":{"0":{"start":{"line":1,"column":0},"end":{"line":1,"column":33}},"1":{"start":{"line":2,"column":0},"end":{"line":2,"column":62}},"2":{"start":{"line":4,"column":15},"end":{"line":4,"column":23}},"3":{"start":{"line":6,"column":0},"end":{"line":6,"column":33}},"4":{"start":{"line":8,"column":0},"end":{"line":8,"column":22}}},"fnMap":{},"branchMap":{},"s":{"0":0,"1":0,"2":0,"3":0,"4":0},"f":{},"b":{}}
,"D:\\Clones\\test-danger-js\\src\\utils\\AppError.ts": {"path":"D:\\Clones\\test-danger-js\\src\\utils\\AppError.ts","statementMap":{"0":{"start":{"line":6,"column":4},"end":{"line":6,"column":19}},"1":{"start":{"line":8,"column":4},"end":{"line":8,"column":33}},"2":{"start":{"line":9,"column":4},"end":{"line":9,"column":27}},"3":{"start":{"line":11,"column":4},"end":{"line":11,"column":52}},"4":{"start":{"line":1,"column":0},"end":{"line":1,"column":13}}},"fnMap":{"0":{"name":"(anonymous_0)","decl":{"start":{"line":5,"column":2},"end":{"line":5,"column":14}},"loc":{"start":{"line":5,"column":49},"end":{"line":12,"column":3}}}},"branchMap":{},"s":{"0":1,"1":1,"2":1,"3":1,"4":1},"f":{"0":1},"b":{}}
}
