TN:
SF:src\database.ts
FNF:0
FNH:0
DA:1,1
DA:2,1
DA:4,1
LF:3
LH:3
BRF:0
BRH:0
end_of_record
TN:
SF:src\server.ts
FN:10,(anonymous_1)
FN:13,(anonymous_2)
FN:17,(anonymous_3)
FNF:3
FNH:0
FNDA:0,(anonymous_1)
FNDA:0,(anonymous_2)
FNDA:0,(anonymous_3)
DA:1,0
DA:2,0
DA:3,0
DA:5,0
DA:6,0
DA:7,0
DA:9,0
DA:11,0
DA:13,0
DA:14,0
DA:17,0
LF:11
LH:0
BRF:0
BRH:0
end_of_record
TN:
SF:src\entities\User.ts
FN:17,(anonymous_2)
FNF:1
FNH:0
FNDA:0,(anonymous_2)
DA:1,1
DA:4,1
DA:6,1
DA:9,1
DA:12,1
DA:15,1
DA:17,0
DA:18,1
LF:8
LH:7
BRDA:18,0,0,1
BRDA:18,0,1,0
BRDA:18,1,0,1
BRDA:18,1,1,1
BRF:4
BRH:3
end_of_record
TN:
SF:src\middleware\authMiddleware.ts
FN:8,(anonymous_1)
FNF:1
FNH:0
FNDA:0,(anonymous_1)
DA:2,0
DA:8,0
DA:13,0
DA:15,0
DA:16,0
DA:19,0
DA:21,0
DA:22,0
DA:25,0
DA:26,0
DA:31,0
DA:33,0
LF:12
LH:0
BRDA:15,0,0,0
BRDA:21,1,0,0
BRF:2
BRH:0
end_of_record
TN:
SF:src\modules\users\controller\UsersController.ts
FN:7,(anonymous_7)
FN:11,(anonymous_8)
FN:26,(anonymous_10)
FN:41,(anonymous_12)
FN:52,(anonymous_14)
FNF:5
FNH:0
FNDA:0,(anonymous_7)
FNDA:0,(anonymous_8)
FNDA:0,(anonymous_10)
FNDA:0,(anonymous_12)
FNDA:0,(anonymous_14)
DA:2,0
DA:4,0
DA:8,0
DA:12,0
DA:13,0
DA:14,0
DA:20,0
DA:22,0
DA:27,0
DA:28,0
DA:29,0
DA:35,0
DA:37,0
DA:42,0
DA:43,0
DA:44,0
DA:46,0
DA:48,0
DA:53,0
DA:54,0
DA:55,0
DA:60,0
DA:62,0
LF:23
LH:0
BRF:0
BRH:0
end_of_record
TN:
SF:src\modules\users\repository\UserRepository.ts
FN:8,(anonymous_7)
FN:12,(anonymous_8)
FN:21,(anonymous_10)
FN:26,(anonymous_12)
FNF:4
FNH:0
FNDA:0,(anonymous_7)
FNDA:0,(anonymous_8)
FNDA:0,(anonymous_10)
FNDA:0,(anonymous_12)
DA:2,1
DA:3,1
DA:5,1
DA:9,0
DA:17,0
DA:18,0
DA:22,0
DA:23,0
DA:27,0
DA:32,0
LF:10
LH:3
BRF:0
BRH:0
end_of_record
TN:
SF:src\modules\users\routes\users.routes.ts
FN:8,(anonymous_7)
FN:8,(anonymous_8)
FN:9,(anonymous_9)
FN:12,(anonymous_10)
FN:12,(anonymous_11)
FN:13,(anonymous_12)
FN:16,(anonymous_13)
FN:16,(anonymous_14)
FN:17,(anonymous_15)
FN:20,(anonymous_16)
FN:20,(anonymous_17)
FN:21,(anonymous_18)
FNF:12
FNH:0
FNDA:0,(anonymous_7)
FNDA:0,(anonymous_8)
FNDA:0,(anonymous_9)
FNDA:0,(anonymous_10)
FNDA:0,(anonymous_11)
FNDA:0,(anonymous_12)
FNDA:0,(anonymous_13)
FNDA:0,(anonymous_14)
FNDA:0,(anonymous_15)
FNDA:0,(anonymous_16)
FNDA:0,(anonymous_17)
FNDA:0,(anonymous_18)
DA:1,0
DA:2,0
DA:3,0
DA:5,0
DA:6,0
DA:8,0
DA:9,0
DA:12,0
DA:13,0
DA:16,0
DA:17,0
DA:20,0
DA:21,0
DA:24,0
LF:14
LH:0
BRF:0
BRH:0
end_of_record
TN:
SF:src\modules\users\services\UserService.ts
FN:25,(anonymous_17)
FN:29,(anonymous_18)
FN:29,(anonymous_19)
FN:67,(anonymous_20)
FN:67,(anonymous_21)
FN:85,(anonymous_22)
FN:85,(anonymous_23)
FNF:7
FNH:3
FNDA:2,(anonymous_17)
FNDA:2,(anonymous_18)
FNDA:2,(anonymous_19)
FNDA:0,(anonymous_20)
FNDA:0,(anonymous_21)
FNDA:0,(anonymous_22)
FNDA:0,(anonymous_23)
DA:1,1
DA:3,1
DA:4,1
DA:5,1
DA:22,1
DA:26,2
DA:29,2
DA:34,2
DA:35,2
DA:36,0
DA:39,2
DA:41,2
DA:42,1
DA:48,1
DA:49,1
DA:55,1
DA:57,1
DA:59,1
DA:60,1
DA:63,0
DA:67,0
DA:68,0
DA:69,0
DA:70,0
DA:73,0
DA:75,0
DA:76,0
DA:79,0
DA:81,0
DA:85,0
DA:86,0
DA:87,0
DA:88,0
DA:91,0
DA:92,0
DA:95,0
DA:97,0
DA:98,0
DA:101,0
DA:103,0
DA:104,0
DA:107,0
DA:115,0
DA:117,0
LF:44
LH:18
BRDA:25,0,0,0
BRDA:35,1,0,0
BRDA:35,2,0,2
BRDA:35,2,1,2
BRDA:35,2,2,2
BRDA:41,3,0,1
BRDA:59,4,0,1
BRDA:69,5,0,0
BRDA:75,6,0,0
BRDA:87,7,0,0
BRDA:91,8,0,0
BRDA:97,9,0,0
BRDA:103,10,0,0
BRF:13
BRH:5
end_of_record
TN:
SF:src\routes\routes.ts
FNF:0
FNH:0
DA:1,0
DA:2,0
DA:4,0
DA:6,0
DA:8,0
LF:5
LH:0
BRF:0
BRH:0
end_of_record
TN:
SF:src\utils\AppError.ts
FN:5,(anonymous_0)
FNF:1
FNH:1
FNDA:1,(anonymous_0)
DA:1,1
DA:6,1
DA:8,1
DA:9,1
DA:11,1
LF:5
LH:5
BRF:0
BRH:0
end_of_record
